Using pre-set license
Built from '2020.3/staging' branch; Version is '2020.3.13f1 (71691879b7f5) revision 7432472'; Using compiler version '192528614'; Build Type 'Release'
OS: 'Windows 10 Pro; OS build 19042.1237; Version 2009; 64bit' Language: 'ko' Physical Memory: 32688 MB
BatchMode: 1, IsHumanControllingUs: 0, StartBugReporterOnCrash: 0, Is64bit: 1, IsPro: 0

 COMMAND LINE ARGUMENTS:
C:\Program Files\Unity\Hub\Editor\2020.3.13f1\Editor\Unity.exe
-adb2
-batchMode
-noUpm
-name
AssetImportWorker0
-projectPath
C:/Unity/AI_TEST2
-logFile
Logs/AssetImportWorker0.log
-srvPort
55692
Successfully changed project path to: C:/Unity/AI_TEST2
C:/Unity/AI_TEST2
Using Asset Import Pipeline V2.
Refreshing native plugins compatible for Editor in 44.74 ms, found 3 plugins.
Preloading 0 native plugins for Editor in 0.00 ms.
Initialize engine version: 2020.3.13f1 (71691879b7f5)
[Subsystems] Discovering subsystems at path C:/Program Files/Unity/Hub/Editor/2020.3.13f1/Editor/Data/Resources/UnitySubsystems
[Subsystems] Discovering subsystems at path C:/Unity/AI_TEST2/Assets
GfxDevice: creating device client; threaded=0
Direct3D:
    Version:  Direct3D 11.0 [level 11.1]
    Renderer: NVIDIA GeForce GTX 1070 Ti (ID=0x1b82)
    Vendor:   
    VRAM:     8079 MB
    Driver:   30.0.14.7111
Initialize mono
Mono path[0] = 'C:/Program Files/Unity/Hub/Editor/2020.3.13f1/Editor/Data/Managed'
Mono path[1] = 'C:/Program Files/Unity/Hub/Editor/2020.3.13f1/Editor/Data/MonoBleedingEdge/lib/mono/unityjit'
Mono config path = 'C:/Program Files/Unity/Hub/Editor/2020.3.13f1/Editor/Data/MonoBleedingEdge/etc'
Using monoOptions --debugger-agent=transport=dt_socket,embedding=1,server=y,suspend=n,address=127.0.0.1:56156
Begin MonoManager ReloadAssembly
Registering precompiled unity dll's ...
Register platform support module: C:/Program Files/Unity/Hub/Editor/2020.3.13f1/Editor/Data/PlaybackEngines/WindowsStandaloneSupport/UnityEditor.WindowsStandalone.Extensions.dll
Registered in 0.002557 seconds.
Native extension for WindowsStandalone target not found
Refreshing native plugins compatible for Editor in 41.96 ms, found 3 plugins.
Preloading 0 native plugins for Editor in 0.00 ms.
Mono: successfully reloaded assembly
- Completed reload, in  1.206 seconds
Platform modules already initialized, skipping
Registering precompiled user dll's ...
Registered in 0.005096 seconds.
Begin MonoManager ReloadAssembly
Native extension for WindowsStandalone target not found
Refreshing native plugins compatible for Editor in 43.00 ms, found 3 plugins.
Preloading 0 native plugins for Editor in 0.00 ms.
Mono: successfully reloaded assembly
- Completed reload, in  1.200 seconds
Platform modules already initialized, skipping
========================================================================
Worker process is ready to serve import requests
Launched and connected shader compiler UnityShaderCompiler.exe after 0.04 seconds
Refreshing native plugins compatible for Editor in 0.43 ms, found 3 plugins.
Preloading 0 native plugins for Editor in 0.00 ms.
Unloading 2088 Unused Serialized files (Serialized files now loaded: 0)
System memory in use before: 93.0 MB.
System memory in use after: 93.0 MB.

Unloading 33 unused Assets to reduce memory usage. Loaded Objects now: 2521.
Total: 2.386200 ms (FindLiveObjects: 0.239200 ms CreateObjectMapping: 0.048400 ms MarkObjects: 1.960100 ms  DeleteObjects: 0.136600 ms)

AssetImportParameters requested are different than current active one (requested -> active):
  custom:framework-win-MediaFoundation: 216162199b28c13a410421893ffa2e32 -> 
  custom:video-decoder-ogg-theora: a1e56fd34408186e4bbccfd4996cb3dc -> 
  custom:container-muxer-webm: aa71ff27fc2769a1b78a27578f13a17b -> 
  custom:container-demuxer-webm: 4f35f7cbe854078d1ac9338744f61a02 -> 
  custom:container-demuxer-ogg: 62fdf1f143b41e24485cea50d1cbac27 -> 
  custom:video-encoder-webm-vp8: eb34c28f22e8b96e1ab97ce403110664 -> 
  custom:video-decoder-webm-vp8: 9c59270c3fd7afecdb556c50c9e8de78 -> 
  custom:audio-decoder-ogg-vorbis: bf7c407c2cedff20999df2af8eb42d56 -> 
  custom:audio-encoder-webm-vorbis: bf7c407c2cedff20999df2af8eb42d56 -> 
========================================================================
Received Import Request.
  path: Assets/Script/Core.cs
  artifactKey: Guid(7222e4eccf6b57a4aa351a76eed98013) Importer(815301076,1909f56bfc062723c751e8b465ee728b)
Start importing Assets/Script/Core.cs using Guid(7222e4eccf6b57a4aa351a76eed98013) Importer(815301076,1909f56bfc062723c751e8b465ee728b)  -> (artifact id: '2f6b045131e9558c17d5e8afc5987eb2') in 0.025751 seconds 
  Import took 0.029054 seconds .

========================================================================
Received Import Request.
  Time since last request: 880.584330 seconds.
  path: Assets/Script/Core.cs
  artifactKey: Guid(7222e4eccf6b57a4aa351a76eed98013) Importer(815301076,1909f56bfc062723c751e8b465ee728b)
Start importing Assets/Script/Core.cs using Guid(7222e4eccf6b57a4aa351a76eed98013) Importer(815301076,1909f56bfc062723c751e8b465ee728b)  -> (artifact id: 'e6fee5d3c43adb92bc1fb986a684c0e5') in 0.003882 seconds 
  Import took 0.007324 seconds .

========================================================================
Received Import Request.
  Time since last request: 3089.967207 seconds.
  path: Assets/Script/SenderState.cs
  artifactKey: Guid(cf93eef7a3658b544a2bab38e18f9984) Importer(815301076,1909f56bfc062723c751e8b465ee728b)
Start importing Assets/Script/SenderState.cs using Guid(cf93eef7a3658b544a2bab38e18f9984) Importer(815301076,1909f56bfc062723c751e8b465ee728b)  -> (artifact id: 'ca908cb6e2f9013cacd240125b573a10') in 0.009506 seconds 
  Import took 0.013534 seconds .

========================================================================
Received Import Request.
  Time since last request: 522.505087 seconds.
  path: Assets/Script/SenderState.cs
  artifactKey: Guid(cf93eef7a3658b544a2bab38e18f9984) Importer(815301076,1909f56bfc062723c751e8b465ee728b)
Start importing Assets/Script/SenderState.cs using Guid(cf93eef7a3658b544a2bab38e18f9984) Importer(815301076,1909f56bfc062723c751e8b465ee728b)  -> (artifact id: 'd858e28e9e0840b58dd0ff730fb09464') in 0.004210 seconds 
  Import took 0.007598 seconds .

========================================================================
Received Import Request.
  Time since last request: 0.026919 seconds.
  path: Assets/Script/SenderState.cs
  artifactKey: Guid(cf93eef7a3658b544a2bab38e18f9984) Importer(815301076,1909f56bfc062723c751e8b465ee728b)
Start importing Assets/Script/SenderState.cs using Guid(cf93eef7a3658b544a2bab38e18f9984) Importer(815301076,1909f56bfc062723c751e8b465ee728b)  -> (artifact id: 'd858e28e9e0840b58dd0ff730fb09464') in 0.004005 seconds 
  Import took 0.007599 seconds .

========================================================================
Received Import Request.
  Time since last request: 30.599953 seconds.
  path: Assets/Script/empty.cs
  artifactKey: Guid(a3e28b9e44a6ac746ace114dd5a92dfe) Importer(815301076,1909f56bfc062723c751e8b465ee728b)
Start importing Assets/Script/empty.cs using Guid(a3e28b9e44a6ac746ace114dd5a92dfe) Importer(815301076,1909f56bfc062723c751e8b465ee728b)  -> (artifact id: '792a863dc073f49706bb90b1cc3ac666') in 0.008766 seconds 
  Import took 0.011871 seconds .

========================================================================
Received Import Request.
  Time since last request: 39.161673 seconds.
  path: Assets/Script/empty.cs
  artifactKey: Guid(a3e28b9e44a6ac746ace114dd5a92dfe) Importer(815301076,1909f56bfc062723c751e8b465ee728b)
Start importing Assets/Script/empty.cs using Guid(a3e28b9e44a6ac746ace114dd5a92dfe) Importer(815301076,1909f56bfc062723c751e8b465ee728b)  -> (artifact id: '12eca5530f19073164f4f594c8ba4cda') in 0.003894 seconds 
  Import took 0.007026 seconds .

========================================================================
Received Import Request.
  Time since last request: 0.025438 seconds.
  path: Assets/Script/empty.cs
  artifactKey: Guid(a3e28b9e44a6ac746ace114dd5a92dfe) Importer(815301076,1909f56bfc062723c751e8b465ee728b)
Start importing Assets/Script/empty.cs using Guid(a3e28b9e44a6ac746ace114dd5a92dfe) Importer(815301076,1909f56bfc062723c751e8b465ee728b)  -> (artifact id: '12eca5530f19073164f4f594c8ba4cda') in 0.003844 seconds 
  Import took 0.006914 seconds .

========================================================================
Received Import Request.
  Time since last request: 23.657019 seconds.
  path: Assets/Script/pawn.cs
  artifactKey: Guid(84620f88f7594b341a1042aa53332a18) Importer(815301076,1909f56bfc062723c751e8b465ee728b)
Start importing Assets/Script/pawn.cs using Guid(84620f88f7594b341a1042aa53332a18) Importer(815301076,1909f56bfc062723c751e8b465ee728b)  -> (artifact id: '05f4eb072f54db4190c98c441382951b') in 0.008414 seconds 
  Import took 0.011667 seconds .

AssetImportWorkerClient::OnTransportError - code=2 error=End of file
